core
core/app
core/app/7zip
core/app/7zip/7z.dll
core/app/7zip/7z.exe
core/app/7zip/7za.exe
core/app/7zip/descript.ion
core/app/cygwin
core/app/cygwin/setup.exe
core/app/firefox/firefox_setup.exe
core/bin
core/bin/wget.exe
core/cmd
core/cmd/7z.bat
core/cmd/7za.bat
core/cmd/auto
core/cmd/auto/1editor.bat
core/cmd/auto/9svn.bat
core/cmd/cygwin.bat
core/cmd/cygwin_setup.bat
core/cmd/update_cygwin_setup.bat
core/cmd/update_firefox_setup.bat
core/cmd/firefox_setup.bat
core/cmd/setup_svn.bat
core/sbin
core/sbin/appexec.bat
core/sbin/appnew.bat
core/sbin/apprm.bat
core/sbin/apprun.bat
core/sbin/apprun.vbs
core/sbin/apprund.bat
core/sbin/cmdcat.bat
core/sbin/cmdedit.bat
core/sbin/cmdlist.bat
core/sbin/cmdnew.bat
core/sbin/cmdrun.bat
core/sbin/MSYShell.bat
core/sbin/PATHADD.BAT
core/sbin/PATHDEL.BAT
core/sbin/pipearg.exe
core/sbin/Shell.bat
core/sbin/StartCygwin.bat
losebox.lst
losebox_sync.sh
start.bat
